<?xml version="1.0" encoding="UTF-8"?>
<testsuite xmlns:xsi="http://www.w3.org/2001/XMLSchema-instance" xsi:noNamespaceSchemaLocation="https://maven.apache.org/surefire/maven-surefire-plugin/xsd/surefire-test-report.xsd" name="com.yjcxyx.oa.auth.AuthorizationServiceTest" time="1.529" tests="3" errors="0" skipped="0" failures="0">
  <properties>
[...]
</properties>
  <testcase name="testFindById" classname="com.yjcxyx.oa.auth.AuthorizationServiceTest" time="1.056"/>
  <testcase name="testUnauthorize" classname="com.yjcxyx.oa.auth.AuthorizationServiceTest" time="0.152"/>
  <testcase name="testAuthorize" classname="com.yjcxyx.oa.auth.AuthorizationServiceTest" time="0.081"/>
</testsuite>